<?xml version="1.0" encoding="UTF-8"?>
<!-- Generated by org.testng.reporters.JUnitXMLReporter -->
<testsuite ignored="0" hostname="Santhosh" failures="1" tests="2" name="ErrorValidation" time="9.089" errors="0" timestamp="2025-02-22T23:26:23 IST">
  <testcase classname="Cognizant.Test.ErrorValidation" name="verifyLoginError" time="0.653">
    <skipped/>
  </testcase> <!-- verifyLoginError -->
  <testcase classname="Cognizant.Test.ErrorValidation" name="verifyLoginError" time="0.525">
    <failure type="java.lang.AssertionError" message="expected [Incorrect ema or password.] but found [Incorrect email or password.]">
      <![CDATA[java.lang.AssertionError: expected [Incorrect ema or password.] but found [Incorrect email or password.]
at Cognizant.Test.ErrorValidation.verifyLoginError(ErrorValidation.java:30)
at java.base/java.util.ArrayList.forEach(ArrayList.java:1596)
at java.base/java.util.concurrent.FutureTask.run(FutureTask.java:317)
at java.base/java.util.concurrent.ThreadPoolExecutor.runWorker(ThreadPoolExecutor.java:1144)
at java.base/java.util.concurrent.ThreadPoolExecutor$Worker.run(ThreadPoolExecutor.java:642)
at java.base/java.lang.Thread.run(Thread.java:1583)
... Removed 21 stack frames]]>
    </failure>
  </testcase> <!-- verifyLoginError -->
</testsuite> <!-- ErrorValidation -->
