<?xml version="1.0" encoding="UTF-8"?>
<!-- Generated by org.testng.reporters.JUnitXMLReporter -->
<testsuite ignored="0" hostname="Santhosh" failures="0" tests="3" name="SubmitOrder" time="31.171" errors="0" timestamp="2025-02-22T23:26:45 IST">
  <testcase classname="Cognizant.Test.FrameWorkBuildTest" name="submitOrder" time="4.959"/>
  <testcase classname="Cognizant.Test.FrameWorkBuildTest" name="submitOrder" time="5.516"/>
  <testcase classname="Cognizant.Test.FrameWorkBuildTest" name="VerifyOrderDetails" time="0.78"/>
</testsuite> <!-- SubmitOrder -->
