<?xml version="1.0" encoding="UTF-8"?>
<!-- Generated by org.testng.reporters.JUnitXMLReporter -->
<testsuite ignored="1" hostname="Santhosh" failures="0" tests="2" name="SubmitOrder" time="17.908" errors="0" timestamp="2025-02-06T19:10:22 IST">
  <testcase classname="Cognizant.Test.FrameWorkBuildTest" name="submitOrder" time="7.373"/>
  <testcase classname="Cognizant.Test.FrameWorkBuildTest" name="submitOrder" time="4.775"/>
  <testcase classname="Cognizant.Test.FrameWorkBuildTest" name="VerifyOrderDetails" time="0.0">
    <ignored/>
  </testcase> <!-- VerifyOrderDetails -->
</testsuite> <!-- SubmitOrder -->
